chat-sdk-android_original/chat-sdk-profile-pictures/build/intermediates/manifest_merge_blame_file/debug/manifest-merger-blame-debug-report.txt
1<?xml version="1.0" encoding="utf-8"?>
2<manifest xmlns:android="http://schemas.android.com/apk/res/android"
3    package="co.chatsdk.profile.pictures" >
4
5    <uses-sdk
6        android:minSdkVersion="16"
6-->src/main/AndroidManifest.xml
7        android:targetSdkVersion="25" />
7-->src/main/AndroidManifest.xml
8
9    <application
9-->src/main/AndroidManifest.xml:4:5-7:19
10        android:label="@string/app_name"
10-->src/main/AndroidManifest.xml:4:18-50
11        android:supportsRtl="true" >
11-->src/main/AndroidManifest.xml:5:9-35
12        <activity
12-->src/main/AndroidManifest.xml:6:9-127
13            android:name="co.chatsdk.profile.pictures.ProfilePicturesActivity"
13-->src/main/AndroidManifest.xml:6:20-86
14            android:screenOrientation="portrait" />
14-->src/main/AndroidManifest.xml:6:88-124
15    </application>
16
17</manifest>